#
# There is insufficient memory for the Java Runtime Environment to continue.
# Native memory allocation (malloc) failed to allocate 677216 bytes. Error detail: Chunk::new
# Possible reasons:
#   The system is out of physical RAM or swap space
#   This process is running with CompressedOops enabled, and the Java Heap may be blocking the growth of the native heap
# Possible solutions:
#   Reduce memory load on the system
#   Increase physical memory or swap space
#   Check if swap backing store is full
#   Decrease Java heap size (-Xmx/-Xms)
#   Decrease number of Java threads
#   Decrease Java thread stack sizes (-Xss)
#   Set larger code cache with -XX:ReservedCodeCacheSize=
#   JVM is running with Unscaled Compressed Oops mode in which the Java heap is
#     placed in the first 4GB address space. The Java Heap base address is the
#     maximum limit for the native heap growth. Please use -XX:HeapBaseMinAddress
#     to set the Java Heap base and to place the Java Heap above 4GB virtual address.
# This output file may be truncated or incomplete.
#
#  Out of Memory Error (arena.cpp:168), pid=15784, tid=21208
#
# JRE version: OpenJDK Runtime Environment (21.0.3) (build 21.0.3+-12282718-b509.11)
# Java VM: OpenJDK 64-Bit Server VM (21.0.3+-12282718-b509.11, mixed mode, tiered, compressed oops, compressed class ptrs, g1 gc, windows-amd64)
# No core dump will be written. Minidumps are not enabled by default on client versions of Windows
#

---------------  S U M M A R Y ------------

Command Line: --add-opens=java.base/java.util=ALL-UNNAMED --add-opens=java.base/java.lang=ALL-UNNAMED --add-opens=java.base/java.lang.invoke=ALL-UNNAMED --add-opens=java.prefs/java.util.prefs=ALL-UNNAMED --add-exports=jdk.compiler/com.sun.tools.javac.api=ALL-UNNAMED --add-exports=jdk.compiler/com.sun.tools.javac.util=ALL-UNNAMED --add-opens=java.base/java.nio.charset=ALL-UNNAMED --add-opens=java.base/java.net=ALL-UNNAMED --add-opens=java.base/java.util.concurrent.atomic=ALL-UNNAMED -Xmx2048m -Dfile.encoding=UTF-8 -Duser.country=US -Duser.language=en -Duser.variant -javaagent:C:\Users\Admin\.gradle\wrapper\dists\gradle-8.9-bin\90cnw93cvbtalezasaz0blq0a\gradle-8.9\lib\agents\gradle-instrumentation-agent-8.9.jar org.gradle.launcher.daemon.bootstrap.GradleDaemon 8.9

Host: 11th Gen Intel(R) Core(TM) i7-11800H @ 2.30GHz, 16 cores, 15G,  Windows 10 , 64 bit Build 19041 (10.0.19041.5438)
Time: Sat Mar 22 21:30:17 2025 SE Asia Standard Time elapsed time: 7.229138 seconds (0d 0h 0m 7s)

---------------  T H R E A D  ---------------

Current thread (0x000001da6252db40):  JavaThread "C2 CompilerThread0" daemon [_thread_in_native, id=21208, stack(0x000000395c300000,0x000000395c400000) (1024K)]


Current CompileTask:
C2:   7229 7902       4       java.lang.invoke.MethodType::makeImpl (109 bytes)

Stack: [0x000000395c300000,0x000000395c400000]
Native frames: (J=compiled Java code, j=interpreted, Vv=VM code, C=native code)
V  [jvm.dll+0x6cafb9]
V  [jvm.dll+0x858523]
V  [jvm.dll+0x85aa7e]
V  [jvm.dll+0x85b163]
V  [jvm.dll+0x27d356]
V  [jvm.dll+0xbf93d]
V  [jvm.dll+0xbfe73]
V  [jvm.dll+0x2f0eb1]
V  [jvm.dll+0x5f5a39]
V  [jvm.dll+0x24fad2]
V  [jvm.dll+0x2484ba]
V  [jvm.dll+0x245fce]
V  [jvm.dll+0x1c5804]
V  [jvm.dll+0x25575c]
V  [jvm.dll+0x253c36]
V  [jvm.dll+0x3ec996]
V  [jvm.dll+0x800d78]
V  [jvm.dll+0x6c98cd]
C  [ucrtbase.dll+0x21bb2]
C  [KERNEL32.DLL+0x17374]
C  [ntdll.dll+0x4cc91]


---------------  P R O C E S S  ---------------

Threads class SMR info:
_java_thread_list=0x000001da6eb0cdf0, length=55, elements={
0x000001da47da4f10, 0x000001da62508480, 0x000001da62508db0, 0x000001da6250a980,
0x000001da6250b8c0, 0x000001da62524730, 0x000001da6252cdb0, 0x000001da6252db40,
0x000001da624f7d00, 0x000001da62600b40, 0x000001da62400380, 0x000001da626f43a0,
0x000001da62601860, 0x000001da6813cec0, 0x000001da625ffe20, 0x000001da626011d0,
0x000001da62601ef0, 0x000001da62602580, 0x000001da626032a0, 0x000001da626004b0,
0x000001da6904d5f0, 0x000001da690524b0, 0x000001da69053ef0, 0x000001da6904cf60,
0x000001da69054580, 0x000001da69051e20, 0x000001da6904e310, 0x000001da6904f030,
0x000001da6904f6c0, 0x000001da69052b40, 0x000001da6904fd50, 0x000001da690503e0,
0x000001da69050a70, 0x000001da69051790, 0x000001da69053860, 0x000001da6ba4a2a0,
0x000001da6ba49580, 0x000001da6ba4b650, 0x000001da6ba4ddb0, 0x000001da6ba46e20,
0x000001da6ba4e440, 0x000001da6ba474b0, 0x000001da6ba47b40, 0x000001da6cf1ea70,
0x000001da6cf21ef0, 0x000001da6cf1c310, 0x000001da6cf1f100, 0x000001da6cf1e3e0,
0x000001da6cf1c9a0, 0x000001da6cf232a0, 0x000001da6cf1f790, 0x000001da6cf22c10,
0x000001da6cf204b0, 0x000001da6cf23930, 0x000001da6cf22580
}

Java Threads: ( => current thread )
  0x000001da47da4f10 JavaThread "main"                              [_thread_blocked, id=21372, stack(0x000000395b500000,0x000000395b600000) (1024K)]
  0x000001da62508480 JavaThread "Reference Handler"          daemon [_thread_blocked, id=5104, stack(0x000000395bd00000,0x000000395be00000) (1024K)]
  0x000001da62508db0 JavaThread "Finalizer"                  daemon [_thread_blocked, id=17688, stack(0x000000395be00000,0x000000395bf00000) (1024K)]
  0x000001da6250a980 JavaThread "Signal Dispatcher"          daemon [_thread_blocked, id=5880, stack(0x000000395bf00000,0x000000395c000000) (1024K)]
  0x000001da6250b8c0 JavaThread "Attach Listener"            daemon [_thread_blocked, id=10492, stack(0x000000395c000000,0x000000395c100000) (1024K)]
  0x000001da62524730 JavaThread "Service Thread"             daemon [_thread_blocked, id=21212, stack(0x000000395c100000,0x000000395c200000) (1024K)]
  0x000001da6252cdb0 JavaThread "Monitor Deflation Thread"   daemon [_thread_blocked, id=20572, stack(0x000000395c200000,0x000000395c300000) (1024K)]
=>0x000001da6252db40 JavaThread "C2 CompilerThread0"         daemon [_thread_in_native, id=21208, stack(0x000000395c300000,0x000000395c400000) (1024K)]
  0x000001da624f7d00 JavaThread "C1 CompilerThread0"         daemon [_thread_blocked, id=20584, stack(0x000000395c400000,0x000000395c500000) (1024K)]
  0x000001da62600b40 JavaThread "Common-Cleaner"             daemon [_thread_blocked, id=7508, stack(0x000000395c500000,0x000000395c600000) (1024K)]
  0x000001da62400380 JavaThread "C1 CompilerThread1"         daemon [_thread_blocked, id=21312, stack(0x000000395c600000,0x000000395c700000) (1024K)]
  0x000001da626f43a0 JavaThread "C1 CompilerThread2"         daemon [_thread_blocked, id=21128, stack(0x000000395c700000,0x000000395c800000) (1024K)]
  0x000001da62601860 JavaThread "Notification Thread"        daemon [_thread_blocked, id=21448, stack(0x000000395c800000,0x000000395c900000) (1024K)]
  0x000001da6813cec0 JavaThread "C1 CompilerThread3"         daemon [_thread_blocked, id=8552, stack(0x000000395d100000,0x000000395d200000) (1024K)]
  0x000001da625ffe20 JavaThread "Daemon health stats"               [_thread_blocked, id=12412, stack(0x000000395cb00000,0x000000395cc00000) (1024K)]
  0x000001da626011d0 JavaThread "Incoming local TCP Connector on port 52034"        [_thread_in_native, id=12416, stack(0x000000395d200000,0x000000395d300000) (1024K)]
  0x000001da62601ef0 JavaThread "Daemon periodic checks"            [_thread_blocked, id=12428, stack(0x000000395d300000,0x000000395d400000) (1024K)]
  0x000001da62602580 JavaThread "Daemon"                            [_thread_blocked, id=12432, stack(0x000000395d400000,0x000000395d500000) (1024K)]
  0x000001da626032a0 JavaThread "Handler for socket connection from /127.0.0.1:52034 to /127.0.0.1:52035"        [_thread_in_native, id=12436, stack(0x000000395d500000,0x000000395d600000) (1024K)]
  0x000001da626004b0 JavaThread "Cancel handler"                    [_thread_blocked, id=12440, stack(0x000000395d600000,0x000000395d700000) (1024K)]
  0x000001da6904d5f0 JavaThread "Daemon worker"                     [_thread_blocked, id=12444, stack(0x000000395d700000,0x000000395d800000) (1024K)]
  0x000001da690524b0 JavaThread "Asynchronous log dispatcher for DefaultDaemonConnection: socket connection from /127.0.0.1:52034 to /127.0.0.1:52035"        [_thread_blocked, id=12452, stack(0x000000395d800000,0x000000395d900000) (1024K)]
  0x000001da69053ef0 JavaThread "Stdin handler"                     [_thread_blocked, id=12456, stack(0x000000395d900000,0x000000395da00000) (1024K)]
  0x000001da6904cf60 JavaThread "Daemon client event forwarder"        [_thread_blocked, id=12460, stack(0x000000395da00000,0x000000395db00000) (1024K)]
  0x000001da69054580 JavaThread "Cache worker for journal cache (C:\Users\Admin\.gradle\caches\journal-1)"        [_thread_blocked, id=14528, stack(0x000000395e400000,0x000000395e500000) (1024K)]
  0x000001da69051e20 JavaThread "File lock request listener"        [_thread_in_native, id=6440, stack(0x000000395e500000,0x000000395e600000) (1024K)]
  0x000001da6904e310 JavaThread "Cache worker for file hash cache (C:\Users\Admin\.gradle\caches\8.9\fileHashes)"        [_thread_in_native, id=1412, stack(0x000000395e600000,0x000000395e700000) (1024K)]
  0x000001da6904f030 JavaThread "Cache worker for file hash cache (D:\Android Studio\AndroidStudioProjects\CoffeShop\.gradle\8.9\fileHashes)"        [_thread_blocked, id=10760, stack(0x000000395e800000,0x000000395e900000) (1024K)]
  0x000001da6904f6c0 JavaThread "Cache worker for Build Output Cleanup Cache (D:\Android Studio\AndroidStudioProjects\CoffeShop\.gradle\buildOutputCleanup)"        [_thread_blocked, id=7100, stack(0x000000395e900000,0x000000395ea00000) (1024K)]
  0x000001da69052b40 JavaThread "File watcher server"        daemon [_thread_in_native, id=15408, stack(0x000000395ea00000,0x000000395eb00000) (1024K)]
  0x000001da6904fd50 JavaThread "File watcher consumer"      daemon [_thread_blocked, id=1972, stack(0x000000395eb00000,0x000000395ec00000) (1024K)]
  0x000001da690503e0 JavaThread "Cache worker for checksums cache (D:\Android Studio\AndroidStudioProjects\CoffeShop\.gradle\8.9\checksums)"        [_thread_blocked, id=10872, stack(0x000000395e700000,0x000000395e800000) (1024K)]
  0x000001da69050a70 JavaThread "Cache worker for file content cache (C:\Users\Admin\.gradle\caches\8.9\fileContent)"        [_thread_blocked, id=3952, stack(0x000000395ec00000,0x000000395ed00000) (1024K)]
  0x000001da69051790 JavaThread "Cache worker for cache directory md-rule (C:\Users\Admin\.gradle\caches\8.9\md-rule)"        [_thread_blocked, id=10508, stack(0x000000395ed00000,0x000000395ee00000) (1024K)]
  0x000001da69053860 JavaThread "Cache worker for cache directory md-supplier (C:\Users\Admin\.gradle\caches\8.9\md-supplier)"        [_thread_blocked, id=1976, stack(0x000000395ee00000,0x000000395ef00000) (1024K)]
  0x000001da6ba4a2a0 JavaThread "Unconstrained build operations"        [_thread_blocked, id=20804, stack(0x000000395c900000,0x000000395ca00000) (1024K)]
  0x000001da6ba49580 JavaThread "Unconstrained build operations Thread 2"        [_thread_blocked, id=20684, stack(0x000000395ca00000,0x000000395cb00000) (1024K)]
  0x000001da6ba4b650 JavaThread "Unconstrained build operations Thread 3"        [_thread_blocked, id=20908, stack(0x000000395ef00000,0x000000395f000000) (1024K)]
  0x000001da6ba4ddb0 JavaThread "Unconstrained build operations Thread 4"        [_thread_blocked, id=17124, stack(0x000000395f100000,0x000000395f200000) (1024K)]
  0x000001da6ba46e20 JavaThread "Unconstrained build operations Thread 5"        [_thread_blocked, id=5860, stack(0x000000395f200000,0x000000395f300000) (1024K)]
  0x000001da6ba4e440 JavaThread "Unconstrained build operations Thread 6"        [_thread_blocked, id=21120, stack(0x000000395f300000,0x000000395f400000) (1024K)]
  0x000001da6ba474b0 JavaThread "Unconstrained build operations Thread 7"        [_thread_blocked, id=20992, stack(0x000000395f400000,0x000000395f500000) (1024K)]
  0x000001da6ba47b40 JavaThread "Unconstrained build operations Thread 8"        [_thread_blocked, id=21048, stack(0x000000395f500000,0x000000395f600000) (1024K)]
  0x000001da6cf1ea70 JavaThread "Unconstrained build operations Thread 9"        [_thread_blocked, id=21000, stack(0x000000395f600000,0x000000395f700000) (1024K)]
  0x000001da6cf21ef0 JavaThread "Unconstrained build operations Thread 10"        [_thread_blocked, id=20996, stack(0x000000395f700000,0x000000395f800000) (1024K)]
  0x000001da6cf1c310 JavaThread "Unconstrained build operations Thread 11"        [_thread_blocked, id=21252, stack(0x000000395f800000,0x000000395f900000) (1024K)]
  0x000001da6cf1f100 JavaThread "Unconstrained build operations Thread 12"        [_thread_blocked, id=8104, stack(0x000000395f900000,0x000000395fa00000) (1024K)]
  0x000001da6cf1e3e0 JavaThread "Unconstrained build operations Thread 13"        [_thread_blocked, id=21124, stack(0x000000395fa00000,0x000000395fb00000) (1024K)]
  0x000001da6cf1c9a0 JavaThread "Unconstrained build operations Thread 14"        [_thread_blocked, id=21180, stack(0x000000395fb00000,0x000000395fc00000) (1024K)]
  0x000001da6cf232a0 JavaThread "Unconstrained build operations Thread 15"        [_thread_blocked, id=11188, stack(0x000000395fc00000,0x000000395fd00000) (1024K)]
  0x000001da6cf1f790 JavaThread "Unconstrained build operations Thread 16"        [_thread_in_native, id=9296, stack(0x000000395fd00000,0x000000395fe00000) (1024K)]
  0x000001da6cf22c10 JavaThread "Unconstrained build operations Thread 17"        [_thread_blocked, id=1788, stack(0x000000395fe00000,0x000000395ff00000) (1024K)]
  0x000001da6cf204b0 JavaThread "Unconstrained build operations Thread 18"        [_thread_blocked, id=20396, stack(0x000000395ff00000,0x0000003960000000) (1024K)]
  0x000001da6cf23930 JavaThread "Unconstrained build operations Thread 19"        [_thread_blocked, id=9872, stack(0x0000003960000000,0x0000003960100000) (1024K)]
  0x000001da6cf22580 JavaThread "Unconstrained build operations Thread 20"        [_thread_in_native, id=6648, stack(0x0000003960100000,0x0000003960200000) (1024K)]
Total: 55

Other Threads:
  0x000001da62415140 VMThread "VM Thread"                           [id=3424, stack(0x000000395bc00000,0x000000395bd00000) (1024K)]
  0x000001da622ccde0 WatcherThread "VM Periodic Task Thread"        [id=20564, stack(0x000000395bb00000,0x000000395bc00000) (1024K)]
  0x000001da47e6b040 WorkerThread "GC Thread#0"                     [id=15508, stack(0x000000395b600000,0x000000395b700000) (1024K)]
  0x000001da62414a00 WorkerThread "GC Thread#1"                     [id=20624, stack(0x000000395cc00000,0x000000395cd00000) (1024K)]
  0x000001da62414da0 WorkerThread "GC Thread#2"                     [id=21224, stack(0x000000395cd00000,0x000000395ce00000) (1024K)]
  0x000001da624154e0 WorkerThread "GC Thread#3"                     [id=5400, stack(0x000000395ce00000,0x000000395cf00000) (1024K)]
  0x000001da62415880 WorkerThread "GC Thread#4"                     [id=21484, stack(0x000000395cf00000,0x000000395d000000) (1024K)]
  0x000001da62415c20 WorkerThread "GC Thread#5"                     [id=20672, stack(0x000000395d000000,0x000000395d100000) (1024K)]
  0x000001da68d20fc0 WorkerThread "GC Thread#6"                     [id=12476, stack(0x000000395db00000,0x000000395dc00000) (1024K)]
  0x000001da68d1fda0 WorkerThread "GC Thread#7"                     [id=12480, stack(0x000000395dc00000,0x000000395dd00000) (1024K)]
  0x000001da68d1d960 WorkerThread "GC Thread#8"                     [id=12484, stack(0x000000395dd00000,0x000000395de00000) (1024K)]
  0x000001da68d1e0a0 WorkerThread "GC Thread#9"                     [id=12488, stack(0x000000395de00000,0x000000395df00000) (1024K)]
  0x000001da68d1e440 WorkerThread "GC Thread#10"                    [id=12496, stack(0x000000395df00000,0x000000395e000000) (1024K)]
  0x000001da68d20140 WorkerThread "GC Thread#11"                    [id=12500, stack(0x000000395e000000,0x000000395e100000) (1024K)]
  0x000001da68d1e7e0 WorkerThread "GC Thread#12"                    [id=12564, stack(0x000000395e100000,0x000000395e200000) (1024K)]
  0x000001da4a18c390 ConcurrentGCThread "G1 Main Marker"            [id=15512, stack(0x000000395b700000,0x000000395b800000) (1024K)]
  0x000001da4a18dcb0 WorkerThread "G1 Conc#0"                       [id=15516, stack(0x000000395b800000,0x000000395b900000) (1024K)]
  0x000001da68d21360 WorkerThread "G1 Conc#1"                       [id=12572, stack(0x000000395e200000,0x000000395e300000) (1024K)]
  0x000001da68d1eb80 WorkerThread "G1 Conc#2"                       [id=12628, stack(0x000000395e300000,0x000000395e400000) (1024K)]
  0x000001da621a1e90 ConcurrentGCThread "G1 Refine#0"               [id=15492, stack(0x000000395b900000,0x000000395ba00000) (1024K)]
  0x000001da621a36c0 ConcurrentGCThread "G1 Service"                [id=15488, stack(0x000000395ba00000,0x000000395bb00000) (1024K)]
Total: 21

Threads with active compile tasks:
C2 CompilerThread0     7251 7902       4       java.lang.invoke.MethodType::makeImpl (109 bytes)
Total: 1

VM state: not at safepoint (normal execution)

VM Mutex/Monitor currently owned by a thread: None

Heap address: 0x0000000080000000, size: 2048 MB, Compressed Oops mode: 32-bit

CDS archive(s) not mapped
Compressed class space mapped at: 0x0000000100000000-0x0000000140000000, reserved size: 1073741824
Narrow klass base: 0x0000000000000000, Narrow klass shift: 3, Narrow klass range: 0x140000000

GC Precious Log:
 CardTable entry size: 512
 Card Set container configuration: InlinePtr #cards 5 size 8 Array Of Cards #cards 12 size 40 Howl #buckets 4 coarsen threshold 1843 Howl Bitmap #cards 512 size 80 coarsen threshold 460 Card regions per heap region 1 cards per card region 2048
 CPUs: 16 total, 16 available
 Memory: 16085M
 Large Page Support: Disabled
 NUMA Support: Disabled
 Compressed Oops: Enabled (32-bit)
 Heap Region Size: 1M
 Heap Min Capacity: 8M
 Heap Initial Capacity: 252M
 Heap Max Capacity: 2G
 Pre-touch: Disabled
 Parallel Workers: 13
 Concurrent Workers: 3
 Concurrent Refinement Workers: 13
 Periodic GC: Disabled

Heap:
 garbage-first heap   total 92160K, used 58163K [0x0000000080000000, 0x0000000100000000)
  region size 1024K, 19 young (19456K), 6 survivors (6144K)
 Metaspace       used 72408K, committed 73984K, reserved 1114112K
  class space    used 9868K, committed 10624K, reserved 1048576K

Heap Regions: E=young(eden), S=young(survivor), O=old, HS=humongous(starts), HC=humongous(continues), CS=collection set, F=free, TAMS=top-at-mark-start, PB=parsable bottom
|   0|0x0000000080000000, 0x0000000080100000, 0x0000000080100000|100%|HS|  |TAMS 0x0000000080000000| PB 0x0000000080000000| Complete 
|   1|0x0000000080100000, 0x0000000080200000, 0x0000000080200000|100%|HC|  |TAMS 0x0000000080100000| PB 0x0000000080100000| Complete 
|   2|0x0000000080200000, 0x0000000080300000, 0x0000000080300000|100%|HC|  |TAMS 0x0000000080200000| PB 0x0000000080200000| Complete 
|   3|0x0000000080300000, 0x0000000080400000, 0x0000000080400000|100%|HC|  |TAMS 0x0000000080300000| PB 0x0000000080300000| Complete 
|   4|0x0000000080400000, 0x0000000080500000, 0x0000000080500000|100%| O|  |TAMS 0x0000000080400000| PB 0x0000000080400000| Untracked 
|   5|0x0000000080500000, 0x0000000080600000, 0x0000000080600000|100%| O|  |TAMS 0x0000000080500000| PB 0x0000000080500000| Untracked 
|   6|0x0000000080600000, 0x0000000080700000, 0x0000000080700000|100%| O|  |TAMS 0x0000000080600000| PB 0x0000000080600000| Untracked 
|   7|0x0000000080700000, 0x0000000080800000, 0x0000000080800000|100%| O|  |TAMS 0x0000000080700000| PB 0x0000000080700000| Untracked 
|   8|0x0000000080800000, 0x0000000080900000, 0x0000000080900000|100%| O|  |TAMS 0x0000000080800000| PB 0x0000000080800000| Untracked 
|   9|0x0000000080900000, 0x0000000080a00000, 0x0000000080a00000|100%| O|  |TAMS 0x0000000080900000| PB 0x0000000080900000| Untracked 
|  10|0x0000000080a00000, 0x0000000080b00000, 0x0000000080b00000|100%| O|  |TAMS 0x0000000080a00000| PB 0x0000000080a00000| Untracked 
|  11|0x0000000080b00000, 0x0000000080c00000, 0x0000000080c00000|100%|HS|  |TAMS 0x0000000080b00000| PB 0x0000000080b00000| Complete 
|  12|0x0000000080c00000, 0x0000000080d00000, 0x0000000080d00000|100%| O|  |TAMS 0x0000000080c00000| PB 0x0000000080c00000| Untracked 
|  13|0x0000000080d00000, 0x0000000080e00000, 0x0000000080e00000|100%| O|  |TAMS 0x0000000080d00000| PB 0x0000000080d00000| Untracked 
|  14|0x0000000080e00000, 0x0000000080f00000, 0x0000000080f00000|100%| O|  |TAMS 0x0000000080e00000| PB 0x0000000080e00000| Untracked 
|  15|0x0000000080f00000, 0x0000000081000000, 0x0000000081000000|100%| O|  |TAMS 0x0000000080f00000| PB 0x0000000080f00000| Untracked 
|  16|0x0000000081000000, 0x0000000081100000, 0x0000000081100000|100%| O|  |TAMS 0x0000000081000000| PB 0x0000000081000000| Untracked 
|  17|0x0000000081100000, 0x0000000081200000, 0x0000000081200000|100%| O|  |TAMS 0x0000000081100000| PB 0x0000000081100000| Untracked 
|  18|0x0000000081200000, 0x0000000081300000, 0x0000000081300000|100%| O|  |TAMS 0x0000000081200000| PB 0x0000000081200000| Untracked 
|  19|0x0000000081300000, 0x0000000081400000, 0x0000000081400000|100%| O|  |TAMS 0x0000000081300000| PB 0x0000000081300000| Untracked 
|  20|0x0000000081400000, 0x0000000081500000, 0x0000000081500000|100%| O|  |TAMS 0x0000000081400000| PB 0x0000000081400000| Untracked 
|  21|0x0000000081500000, 0x0000000081600000, 0x0000000081600000|100%| O|  |TAMS 0x0000000081500000| PB 0x0000000081500000| Untracked 
|  22|0x0000000081600000, 0x0000000081700000, 0x0000000081700000|100%| O|  |TAMS 0x0000000081600000| PB 0x0000000081600000| Untracked 
|  23|0x0000000081700000, 0x0000000081700000, 0x0000000081800000|  0%| F|  |TAMS 0x0000000081700000| PB 0x0000000081700000| Untracked 
|  24|0x0000000081800000, 0x0000000081900000, 0x0000000081900000|100%| O|  |TAMS 0x0000000081800000| PB 0x0000000081800000| Untracked 
|  25|0x0000000081900000, 0x0000000081a00000, 0x0000000081a00000|100%| O|  |TAMS 0x0000000081900000| PB 0x0000000081900000| Untracked 
|  26|0x0000000081a00000, 0x0000000081b00000, 0x0000000081b00000|100%| O|  |TAMS 0x0000000081a00000| PB 0x0000000081a00000| Untracked 
|  27|0x0000000081b00000, 0x0000000081c00000, 0x0000000081c00000|100%| O|  |TAMS 0x0000000081b00000| PB 0x0000000081b00000| Untracked 
|  28|0x0000000081c00000, 0x0000000081d00000, 0x0000000081d00000|100%| O|  |TAMS 0x0000000081c00000| PB 0x0000000081c00000| Untracked 
|  29|0x0000000081d00000, 0x0000000081e00000, 0x0000000081e00000|100%| O|  |TAMS 0x0000000081d00000| PB 0x0000000081d00000| Untracked 
|  30|0x0000000081e00000, 0x0000000081f00000, 0x0000000081f00000|100%| O|  |TAMS 0x0000000081e00000| PB 0x0000000081e00000| Untracked 
|  31|0x0000000081f00000, 0x0000000082000000, 0x0000000082000000|100%| O|  |TAMS 0x0000000081f00000| PB 0x0000000081f00000| Untracked 
|  32|0x0000000082000000, 0x0000000082100000, 0x0000000082100000|100%| O|  |TAMS 0x0000000082000000| PB 0x0000000082000000| Untracked 
|  33|0x0000000082100000, 0x0000000082200000, 0x0000000082200000|100%| O|  |TAMS 0x0000000082100000| PB 0x0000000082100000| Untracked 
|  34|0x0000000082200000, 0x0000000082300000, 0x0000000082300000|100%| O|  |TAMS 0x0000000082200000| PB 0x0000000082200000| Untracked 
|  35|0x0000000082300000, 0x0000000082400000, 0x0000000082400000|100%| O|  |TAMS 0x0000000082300000| PB 0x0000000082300000| Untracked 
|  36|0x0000000082400000, 0x0000000082500000, 0x0000000082500000|100%| O|  |TAMS 0x0000000082400000| PB 0x0000000082400000| Untracked 
|  37|0x0000000082500000, 0x0000000082600000, 0x0000000082600000|100%| O|  |TAMS 0x0000000082500000| PB 0x0000000082500000| Untracked 
|  38|0x0000000082600000, 0x00000000826ccfd8, 0x0000000082700000| 80%| O|  |TAMS 0x0000000082600000| PB 0x0000000082600000| Untracked 
|  39|0x0000000082700000, 0x0000000082800000, 0x0000000082800000|100%| S|CS|TAMS 0x0000000082700000| PB 0x0000000082700000| Complete 
|  40|0x0000000082800000, 0x0000000082800000, 0x0000000082900000|  0%| F|  |TAMS 0x0000000082800000| PB 0x0000000082800000| Untracked 
|  41|0x0000000082900000, 0x0000000082900000, 0x0000000082a00000|  0%| F|  |TAMS 0x0000000082900000| PB 0x0000000082900000| Untracked 
|  42|0x0000000082a00000, 0x0000000082b00000, 0x0000000082b00000|100%| O|  |TAMS 0x0000000082a00000| PB 0x0000000082a00000| Untracked 
|  43|0x0000000082b00000, 0x0000000082b00000, 0x0000000082c00000|  0%| F|  |TAMS 0x0000000082b00000| PB 0x0000000082b00000| Untracked 
|  44|0x0000000082c00000, 0x0000000082c00000, 0x0000000082d00000|  0%| F|  |TAMS 0x0000000082c00000| PB 0x0000000082c00000| Untracked 
|  45|0x0000000082d00000, 0x0000000082d00000, 0x0000000082e00000|  0%| F|  |TAMS 0x0000000082d00000| PB 0x0000000082d00000| Untracked 
|  46|0x0000000082e00000, 0x0000000082f00000, 0x0000000082f00000|100%| S|CS|TAMS 0x0000000082e00000| PB 0x0000000082e00000| Complete 
|  47|0x0000000082f00000, 0x0000000083000000, 0x0000000083000000|100%| S|CS|TAMS 0x0000000082f00000| PB 0x0000000082f00000| Complete 
|  48|0x0000000083000000, 0x0000000083100000, 0x0000000083100000|100%| S|CS|TAMS 0x0000000083000000| PB 0x0000000083000000| Complete 
|  49|0x0000000083100000, 0x0000000083200000, 0x0000000083200000|100%| S|CS|TAMS 0x0000000083100000| PB 0x0000000083100000| Complete 
|  50|0x0000000083200000, 0x0000000083300000, 0x0000000083300000|100%| S|CS|TAMS 0x0000000083200000| PB 0x0000000083200000| Complete 
|  51|0x0000000083300000, 0x0000000083300000, 0x0000000083400000|  0%| F|  |TAMS 0x0000000083300000| PB 0x0000000083300000| Untracked 
|  52|0x0000000083400000, 0x0000000083400000, 0x0000000083500000|  0%| F|  |TAMS 0x0000000083400000| PB 0x0000000083400000| Untracked 
|  53|0x0000000083500000, 0x0000000083500000, 0x0000000083600000|  0%| F|  |TAMS 0x0000000083500000| PB 0x0000000083500000| Untracked 
|  54|0x0000000083600000, 0x0000000083600000, 0x0000000083700000|  0%| F|  |TAMS 0x0000000083600000| PB 0x0000000083600000| Untracked 
|  55|0x0000000083700000, 0x0000000083700000, 0x0000000083800000|  0%| F|  |TAMS 0x0000000083700000| PB 0x0000000083700000| Untracked 
|  56|0x0000000083800000, 0x0000000083800000, 0x0000000083900000|  0%| F|  |TAMS 0x0000000083800000| PB 0x0000000083800000| Untracked 
|  57|0x0000000083900000, 0x0000000083900000, 0x0000000083a00000|  0%| F|  |TAMS 0x0000000083900000| PB 0x0000000083900000| Untracked 
|  58|0x0000000083a00000, 0x0000000083a00000, 0x0000000083b00000|  0%| F|  |TAMS 0x0000000083a00000| PB 0x0000000083a00000| Untracked 
|  59|0x0000000083b00000, 0x0000000083b00000, 0x0000000083c00000|  0%| F|  |TAMS 0x0000000083b00000| PB 0x0000000083b00000| Untracked 
|  60|0x0000000083c00000, 0x0000000083c00000, 0x0000000083d00000|  0%| F|  |TAMS 0x0000000083c00000| PB 0x0000000083c00000| Untracked 
|  61|0x0000000083d00000, 0x0000000083d00000, 0x0000000083e00000|  0%| F|  |TAMS 0x0000000083d00000| PB 0x0000000083d00000| Untracked 
|  62|0x0000000083e00000, 0x0000000083e00000, 0x0000000083f00000|  0%| F|  |TAMS 0x0000000083e00000| PB 0x0000000083e00000| Untracked 
|  63|0x0000000083f00000, 0x0000000083f00000, 0x0000000084000000|  0%| F|  |TAMS 0x0000000083f00000| PB 0x0000000083f00000| Untracked 
|  64|0x0000000084000000, 0x0000000084000000, 0x0000000084100000|  0%| F|  |TAMS 0x0000000084000000| PB 0x0000000084000000| Untracked 
|  65|0x0000000084100000, 0x0000000084100000, 0x0000000084200000|  0%| F|  |TAMS 0x0000000084100000| PB 0x0000000084100000| Untracked 
|  66|0x0000000084200000, 0x0000000084200000, 0x0000000084300000|  0%| F|  |TAMS 0x0000000084200000| PB 0x0000000084200000| Untracked 
|  67|0x0000000084300000, 0x0000000084300000, 0x0000000084400000|  0%| F|  |TAMS 0x0000000084300000| PB 0x0000000084300000| Untracked 
|  68|0x0000000084400000, 0x0000000084400000, 0x0000000084500000|  0%| F|  |TAMS 0x0000000084400000| PB 0x0000000084400000| Untracked 
|  69|0x0000000084500000, 0x0000000084500000, 0x0000000084600000|  0%| F|  |TAMS 0x0000000084500000| PB 0x0000000084500000| Untracked 
|  70|0x0000000084600000, 0x0000000084600000, 0x0000000084700000|  0%| F|  |TAMS 0x0000000084600000| PB 0x0000000084600000| Untracked 
|  71|0x0000000084700000, 0x0000000084700000, 0x0000000084800000|  0%| F|  |TAMS 0x0000000084700000| PB 0x0000000084700000| Untracked 
|  72|0x0000000084800000, 0x0000000084800000, 0x0000000084900000|  0%| F|  |TAMS 0x0000000084800000| PB 0x0000000084800000| Untracked 
|  73|0x0000000084900000, 0x0000000084900000, 0x0000000084a00000|  0%| F|  |TAMS 0x0000000084900000| PB 0x0000000084900000| Untracked 
|  74|0x0000000084a00000, 0x0000000084a00000, 0x0000000084b00000|  0%| F|  |TAMS 0x0000000084a00000| PB 0x0000000084a00000| Untracked 
|  75|0x0000000084b00000, 0x0000000084b00000, 0x0000000084c00000|  0%| F|  |TAMS 0x0000000084b00000| PB 0x0000000084b00000| Untracked 
|  76|0x0000000084c00000, 0x0000000084c00000, 0x0000000084d00000|  0%| F|  |TAMS 0x0000000084c00000| PB 0x0000000084c00000| Untracked 
|  77|0x0000000084d00000, 0x0000000084d7a6a0, 0x0000000084e00000| 47%| E|  |TAMS 0x0000000084d00000| PB 0x0000000084d00000| Complete 
|  78|0x0000000084e00000, 0x0000000084f00000, 0x0000000084f00000|100%| E|CS|TAMS 0x0000000084e00000| PB 0x0000000084e00000| Complete 
| 176|0x000000008b000000, 0x000000008b100000, 0x000000008b100000|100%| E|CS|TAMS 0x000000008b000000| PB 0x000000008b000000| Complete 
| 177|0x000000008b100000, 0x000000008b200000, 0x000000008b200000|100%| E|CS|TAMS 0x000000008b100000| PB 0x000000008b100000| Complete 
| 178|0x000000008b200000, 0x000000008b300000, 0x000000008b300000|100%| E|CS|TAMS 0x000000008b200000| PB 0x000000008b200000| Complete 
| 179|0x000000008b300000, 0x000000008b400000, 0x000000008b400000|100%| E|CS|TAMS 0x000000008b300000| PB 0x000000008b300000| Complete 
| 180|0x000000008b400000, 0x000000008b500000, 0x000000008b500000|100%| E|CS|TAMS 0x000000008b400000| PB 0x000000008b400000| Complete 
| 181|0x000000008b500000, 0x000000008b600000, 0x000000008b600000|100%| E|CS|TAMS 0x000000008b500000| PB 0x000000008b500000| Complete 
| 182|0x000000008b600000, 0x000000008b700000, 0x000000008b700000|100%| E|CS|TAMS 0x000000008b600000| PB 0x000000008b600000| Complete 
| 183|0x000000008b700000, 0x000000008b800000, 0x000000008b800000|100%| E|CS|TAMS 0x000000008b700000| PB 0x000000008b700000| Complete 
| 184|0x000000008b800000, 0x000000008b900000, 0x000000008b900000|100%| E|CS|TAMS 0x000000008b800000| PB 0x000000008b800000| Complete 
| 185|0x000000008b900000, 0x000000008ba00000, 0x000000008ba00000|100%| E|CS|TAMS 0x000000008b900000| PB 0x000000008b900000| Complete 
| 251|0x000000008fb00000, 0x000000008fc00000, 0x000000008fc00000|100%| E|CS|TAMS 0x000000008fb00000| PB 0x000000008fb00000| Complete 

Card table byte_map: [0x000001da5cef0000,0x000001da5d2f0000] _byte_map_base: 0x000001da5caf0000

Marking Bits: (CMBitMap*) 0x000001da47e6b550
 Bits: [0x000001da5d2f0000, 0x000001da5f2f0000)

Polling page: 0x000001da48070000

Metaspace:

Usage:
  Non-class:     61.07 MB used.
      Class:      9.64 MB used.
       Both:     70.71 MB used.

Virtual space:
  Non-class space:       64.00 MB reserved,      61.88 MB ( 97%) committed,  1 nodes.
      Class space:        1.00 GB reserved,      10.38 MB (  1%) committed,  1 nodes.
             Both:        1.06 GB reserved,      72.25 MB (  7%) committed. 

Chunk freelists:
   Non-Class:  1.81 MB
       Class:  5.58 MB
        Both:  7.39 MB

MaxMetaspaceSize: unlimited
CompressedClassSpaceSize: 1.00 GB
Initial GC threshold: 21.00 MB
Current GC threshold: 98.88 MB
CDS: off
 - commit_granule_bytes: 65536.
 - commit_granule_words: 8192.
 - virtual_space_node_default_size: 8388608.
 - enlarge_chunks_in_place: 1.
 - use_allocation_guard: 0.


Internal statistics:

num_allocs_failed_limit: 12.
num_arena_births: 2986.
num_arena_deaths: 0.
num_vsnodes_births: 2.
num_vsnodes_deaths: 0.
num_space_committed: 1156.
num_space_uncommitted: 0.
num_chunks_returned_to_freelist: 12.
num_chunks_taken_from_freelist: 5640.
num_chunk_merges: 12.
num_chunk_splits: 3708.
num_chunks_enlarged: 2368.
num_inconsistent_stats: 0.

CodeHeap 'non-profiled nmethods': size=119168Kb used=4571Kb max_used=4571Kb free=114596Kb
 bounds [0x000001da54e10000, 0x000001da55290000, 0x000001da5c270000]
CodeHeap 'profiled nmethods': size=119104Kb used=13921Kb max_used=13921Kb free=105182Kb
 bounds [0x000001da4d270000, 0x000001da4e010000, 0x000001da546c0000]
CodeHeap 'non-nmethods': size=7488Kb used=3964Kb max_used=4049Kb free=3523Kb
 bounds [0x000001da546c0000, 0x000001da54ac0000, 0x000001da54e10000]
 total_blobs=8206 nmethods=7398 adapters=709
 compilation: enabled
              stopped_count=0, restarted_count=0
 full_count=0

Compilation events (20 events):
Event: 7.218 Thread 0x000001da626f43a0 7954       1       org.gradle.internal.logging.events.ProgressStartEvent::getProgressOperationId (5 bytes)
Event: 7.218 Thread 0x000001da626f43a0 nmethod 7954 0x000001da55285710 code [0x000001da552858a0, 0x000001da55285968]
Event: 7.218 Thread 0x000001da6813cec0 nmethod 7952 0x000001da4dfef810 code [0x000001da4dfefa40, 0x000001da4dff0500]
Event: 7.224 Thread 0x000001da6813cec0 7957       3       java.util.Optional::get (22 bytes)
Event: 7.224 Thread 0x000001da6813cec0 nmethod 7957 0x000001da4dff0710 code [0x000001da4dff08c0, 0x000001da4dff0ae0]
Event: 7.225 Thread 0x000001da6813cec0 7958       3       org.gradle.internal.instantiation.generator.AbstractClassGenerator::inspectType (560 bytes)
Event: 7.225 Thread 0x000001da62400380 7959       3       org.gradle.internal.component.local.model.ComponentFileArtifactIdentifier::hashCode (16 bytes)
Event: 7.225 Thread 0x000001da62400380 nmethod 7959 0x000001da4dff0c10 code [0x000001da4dff0de0, 0x000001da4dff1010]
Event: 7.226 Thread 0x000001da62400380 7960       1       org.gradle.internal.component.external.model.UrlBackedArtifactMetadata::getId (5 bytes)
Event: 7.226 Thread 0x000001da62400380 nmethod 7960 0x000001da55286010 code [0x000001da552861a0, 0x000001da55286268]
Event: 7.226 Thread 0x000001da62400380 7961       3       org.gradle.api.internal.artifacts.transform.DefaultTransformedVariantFactory$VariantKey::hashCode (16 bytes)
Event: 7.226 Thread 0x000001da624f7d00 7962       3       org.gradle.internal.component.model.ComponentConfigurationIdentifier::hashCode (16 bytes)
Event: 7.226 Thread 0x000001da62400380 nmethod 7961 0x000001da4dff1110 code [0x000001da4dff12e0, 0x000001da4dff1588]
Event: 7.226 Thread 0x000001da624f7d00 nmethod 7962 0x000001da4dff1690 code [0x000001da4dff1860, 0x000001da4dff1a90]
Event: 7.226 Thread 0x000001da62400380 7963       3       org.gradle.internal.model.CalculatedValueContainerFactory::create (18 bytes)
Event: 7.226 Thread 0x000001da6813cec0 nmethod 7958 0x000001da4dff1b90 code [0x000001da4dff23a0, 0x000001da4dff6fc0]
Event: 7.226 Thread 0x000001da62400380 nmethod 7963 0x000001da4dff8810 code [0x000001da4dff89c0, 0x000001da4dff8b60]
Event: 7.226 Thread 0x000001da6813cec0 7966       3       org.gradle.api.internal.artifacts.ivyservice.resolveengine.artifact.DefaultResolvedVariantSet::getVariants (5 bytes)
Event: 7.226 Thread 0x000001da626f43a0 7967       3       org.gradle.api.internal.artifacts.ivyservice.resolveengine.artifact.ArtifactBackedResolvedVariant::getAttributes (5 bytes)
Event: 7.226 Thread 0x000001da6813cec0 nmethod 7966 0x000001da4dff8c10 code [0x000001da4dff8da0, 0x000001da4dff8ed8]

GC Heap History (20 events):
Event: 2.219 GC heap before
{Heap before GC invocations=4 (full 0):
 garbage-first heap   total 78848K, used 76477K [0x0000000080000000, 0x0000000100000000)
  region size 1024K, 65 young (66560K), 10 survivors (10240K)
 Metaspace       used 30142K, committed 30720K, reserved 1114112K
  class space    used 3912K, committed 4160K, reserved 1048576K
}
Event: 2.224 GC heap after
{Heap after GC invocations=5 (full 0):
 garbage-first heap   total 92160K, used 24610K [0x0000000080000000, 0x0000000100000000)
  region size 1024K, 13 young (13312K), 13 survivors (13312K)
 Metaspace       used 30142K, committed 30720K, reserved 1114112K
  class space    used 3912K, committed 4160K, reserved 1048576K
}
Event: 2.666 GC heap before
{Heap before GC invocations=5 (full 0):
 garbage-first heap   total 92160K, used 59426K [0x0000000080000000, 0x0000000100000000)
  region size 1024K, 49 young (50176K), 13 survivors (13312K)
 Metaspace       used 35156K, committed 35968K, reserved 1114112K
  class space    used 4728K, committed 5120K, reserved 1048576K
}
Event: 2.670 GC heap after
{Heap after GC invocations=6 (full 0):
 garbage-first heap   total 92160K, used 26507K [0x0000000080000000, 0x0000000100000000)
  region size 1024K, 6 young (6144K), 6 survivors (6144K)
 Metaspace       used 35156K, committed 35968K, reserved 1114112K
  class space    used 4728K, committed 5120K, reserved 1048576K
}
Event: 2.692 GC heap before
{Heap before GC invocations=6 (full 0):
 garbage-first heap   total 92160K, used 29579K [0x0000000080000000, 0x0000000100000000)
  region size 1024K, 10 young (10240K), 6 survivors (6144K)
 Metaspace       used 35463K, committed 36288K, reserved 1114112K
  class space    used 4778K, committed 5184K, reserved 1048576K
}
Event: 2.693 GC heap after
{Heap after GC invocations=7 (full 0):
 garbage-first heap   total 92160K, used 26892K [0x0000000080000000, 0x0000000100000000)
  region size 1024K, 3 young (3072K), 3 survivors (3072K)
 Metaspace       used 35463K, committed 36288K, reserved 1114112K
  class space    used 4778K, committed 5184K, reserved 1048576K
}
Event: 3.213 GC heap before
{Heap before GC invocations=8 (full 0):
 garbage-first heap   total 92160K, used 76044K [0x0000000080000000, 0x0000000100000000)
  region size 1024K, 51 young (52224K), 3 survivors (3072K)
 Metaspace       used 44342K, committed 45440K, reserved 1114112K
  class space    used 5992K, committed 6528K, reserved 1048576K
}
Event: 3.216 GC heap after
{Heap after GC invocations=9 (full 0):
 garbage-first heap   total 92160K, used 30854K [0x0000000080000000, 0x0000000100000000)
  region size 1024K, 7 young (7168K), 7 survivors (7168K)
 Metaspace       used 44342K, committed 45440K, reserved 1114112K
  class space    used 5992K, committed 6528K, reserved 1048576K
}
Event: 3.412 GC heap before
{Heap before GC invocations=9 (full 0):
 garbage-first heap   total 92160K, used 75910K [0x0000000080000000, 0x0000000100000000)
  region size 1024K, 52 young (53248K), 7 survivors (7168K)
 Metaspace       used 46424K, committed 47680K, reserved 1114112K
  class space    used 6242K, committed 6848K, reserved 1048576K
}
Event: 3.415 GC heap after
{Heap after GC invocations=10 (full 0):
 garbage-first heap   total 92160K, used 33370K [0x0000000080000000, 0x0000000100000000)
  region size 1024K, 3 young (3072K), 3 survivors (3072K)
 Metaspace       used 46424K, committed 47680K, reserved 1114112K
  class space    used 6242K, committed 6848K, reserved 1048576K
}
Event: 3.824 GC heap before
{Heap before GC invocations=10 (full 0):
 garbage-first heap   total 92160K, used 78426K [0x0000000080000000, 0x0000000100000000)
  region size 1024K, 47 young (48128K), 3 survivors (3072K)
 Metaspace       used 51676K, committed 53120K, reserved 1114112K
  class space    used 7112K, committed 7808K, reserved 1048576K
}
Event: 3.826 GC heap after
{Heap after GC invocations=11 (full 0):
 garbage-first heap   total 92160K, used 36056K [0x0000000080000000, 0x0000000100000000)
  region size 1024K, 6 young (6144K), 6 survivors (6144K)
 Metaspace       used 51676K, committed 53120K, reserved 1114112K
  class space    used 7112K, committed 7808K, reserved 1048576K
}
Event: 4.214 GC heap before
{Heap before GC invocations=11 (full 0):
 garbage-first heap   total 92160K, used 80088K [0x0000000080000000, 0x0000000100000000)
  region size 1024K, 48 young (49152K), 6 survivors (6144K)
 Metaspace       used 58251K, committed 59712K, reserved 1114112K
  class space    used 7927K, committed 8640K, reserved 1048576K
}
Event: 4.217 GC heap after
{Heap after GC invocations=12 (full 0):
 garbage-first heap   total 92160K, used 38026K [0x0000000080000000, 0x0000000100000000)
  region size 1024K, 3 young (3072K), 3 survivors (3072K)
 Metaspace       used 58251K, committed 59712K, reserved 1114112K
  class space    used 7927K, committed 8640K, reserved 1048576K
}
Event: 4.264 GC heap before
{Heap before GC invocations=12 (full 0):
 garbage-first heap   total 92160K, used 42122K [0x0000000080000000, 0x0000000100000000)
  region size 1024K, 8 young (8192K), 3 survivors (3072K)
 Metaspace       used 59199K, committed 60608K, reserved 1114112K
  class space    used 8066K, committed 8768K, reserved 1048576K
}
Event: 4.266 GC heap after
{Heap after GC invocations=13 (full 0):
 garbage-first heap   total 92160K, used 38179K [0x0000000080000000, 0x0000000100000000)
  region size 1024K, 3 young (3072K), 3 survivors (3072K)
 Metaspace       used 59199K, committed 60608K, reserved 1114112K
  class space    used 8066K, committed 8768K, reserved 1048576K
}
Event: 4.769 GC heap before
{Heap before GC invocations=14 (full 0):
 garbage-first heap   total 92160K, used 80163K [0x0000000080000000, 0x0000000100000000)
  region size 1024K, 44 young (45056K), 3 survivors (3072K)
 Metaspace       used 64385K, committed 65920K, reserved 1114112K
  class space    used 8894K, committed 9664K, reserved 1048576K
}
Event: 4.772 GC heap after
{Heap after GC invocations=15 (full 0):
 garbage-first heap   total 92160K, used 40925K [0x0000000080000000, 0x0000000100000000)
  region size 1024K, 5 young (5120K), 5 survivors (5120K)
 Metaspace       used 64385K, committed 65920K, reserved 1114112K
  class space    used 8894K, committed 9664K, reserved 1048576K
}
Event: 7.133 GC heap before
{Heap before GC invocations=15 (full 0):
 garbage-first heap   total 92160K, used 79837K [0x0000000080000000, 0x0000000100000000)
  region size 1024K, 44 young (45056K), 5 survivors (5120K)
 Metaspace       used 71777K, committed 73344K, reserved 1114112K
  class space    used 9790K, committed 10560K, reserved 1048576K
}
Event: 7.137 GC heap after
{Heap after GC invocations=16 (full 0):
 garbage-first heap   total 92160K, used 45875K [0x0000000080000000, 0x0000000100000000)
  region size 1024K, 6 young (6144K), 6 survivors (6144K)
 Metaspace       used 71777K, committed 73344K, reserved 1114112K
  class space    used 9790K, committed 10560K, reserved 1048576K
}

Dll operation events (3 events):
Event: 0.004 Loaded shared library D:\Program Files\Android\Android Studio\jbr\bin\java.dll
Event: 0.007 Loaded shared library D:\Program Files\Android\Android Studio\jbr\bin\zip.dll
Event: 0.325 Loaded shared library D:\Program Files\Android\Android Studio\jbr\bin\verify.dll

Deoptimization events (20 events):
Event: 7.174 Thread 0x000001da6ba474b0 DEOPT PACKING pc=0x000001da54f5bc80 sp=0x000000395f4fe170
Event: 7.174 Thread 0x000001da6ba4a2a0 DEOPT UNPACKING pc=0x000001da54717da2 sp=0x000000395c9fdbf8 mode 2
Event: 7.174 Thread 0x000001da6ba4ddb0 DEOPT UNPACKING pc=0x000001da54717da2 sp=0x000000395f1fdfa8 mode 2
Event: 7.174 Thread 0x000001da6ba49580 DEOPT UNPACKING pc=0x000001da54717da2 sp=0x000000395cafdd88 mode 2
Event: 7.174 Thread 0x000001da6ba474b0 DEOPT UNPACKING pc=0x000001da54717da2 sp=0x000000395f4fe118 mode 2
Event: 7.174 Thread 0x000001da6ba4b650 DEOPT UNPACKING pc=0x000001da54717da2 sp=0x000000395effdf18 mode 2
Event: 7.174 Thread 0x000001da6ba4b650 Uncommon trap: trap_request=0xffffff45 fr.pc=0x000001da54ec762c relative=0x000000000000016c
Event: 7.174 Thread 0x000001da6ba4b650 Uncommon trap: reason=unstable_if action=reinterpret pc=0x000001da54ec762c method=java.util.concurrent.ConcurrentHashMap.addCount(JI)V @ 34 c2
Event: 7.174 Thread 0x000001da6ba4b650 DEOPT PACKING pc=0x000001da54ec762c sp=0x000000395effee50
Event: 7.174 Thread 0x000001da6ba4b650 DEOPT UNPACKING pc=0x000001da54717da2 sp=0x000000395effedb0 mode 2
Event: 7.178 Thread 0x000001da6ba49580 DEOPT PACKING pc=0x000001da4d7481b6 sp=0x000000395cafcfc0
Event: 7.178 Thread 0x000001da6ba49580 DEOPT UNPACKING pc=0x000001da547188e2 sp=0x000000395cafc508 mode 0
Event: 7.182 Thread 0x000001da6cf232a0 DEOPT PACKING pc=0x000001da4d7481b6 sp=0x000000395fcfdcf0
Event: 7.182 Thread 0x000001da6cf232a0 DEOPT UNPACKING pc=0x000001da547188e2 sp=0x000000395fcfd238 mode 0
Event: 7.186 Thread 0x000001da6cf1e3e0 DEOPT PACKING pc=0x000001da4d7481b6 sp=0x000000395fafd850
Event: 7.186 Thread 0x000001da6cf1e3e0 DEOPT UNPACKING pc=0x000001da547188e2 sp=0x000000395fafcd98 mode 0
Event: 7.190 Thread 0x000001da6cf1e3e0 DEOPT PACKING pc=0x000001da4d7481b6 sp=0x000000395fafd870
Event: 7.190 Thread 0x000001da6cf1e3e0 DEOPT UNPACKING pc=0x000001da547188e2 sp=0x000000395fafcdb8 mode 0
Event: 7.194 Thread 0x000001da6ba4ddb0 DEOPT PACKING pc=0x000001da4d7481b6 sp=0x000000395f1fd350
Event: 7.194 Thread 0x000001da6ba4ddb0 DEOPT UNPACKING pc=0x000001da547188e2 sp=0x000000395f1fc898 mode 0

Classes loaded (20 events):
Event: 6.110 Loading class sun/security/ssl/SSLEngineOutputRecord$HandshakeFragment
Event: 6.110 Loading class sun/security/ssl/SSLEngineOutputRecord$HandshakeFragment done
Event: 6.110 Loading class sun/security/ssl/SSLEngineOutputRecord$HandshakeMemo
Event: 6.110 Loading class sun/security/ssl/SSLEngineOutputRecord$RecordMemo
Event: 6.110 Loading class sun/security/ssl/SSLEngineOutputRecord$RecordMemo done
Event: 6.110 Loading class sun/security/ssl/SSLEngineOutputRecord$HandshakeMemo done
Event: 6.165 Loading class sun/security/ssl/PreSharedKeyExtension$SHPreSharedKeySpec
Event: 6.165 Loading class sun/security/ssl/PreSharedKeyExtension$SHPreSharedKeySpec done
Event: 7.030 Loading class java/util/Collections$ReverseComparator
Event: 7.030 Loading class java/util/Collections$ReverseComparator done
Event: 7.030 Loading class java/util/Collections$ReverseComparator2
Event: 7.030 Loading class java/util/Collections$ReverseComparator2 done
Event: 7.138 Loading class sun/security/ssl/Alert
Event: 7.138 Loading class sun/security/ssl/Alert done
Event: 7.138 Loading class sun/security/ssl/Alert$AlertConsumer
Event: 7.138 Loading class sun/security/ssl/Alert$AlertConsumer done
Event: 7.138 Loading class sun/security/ssl/Alert$Level
Event: 7.138 Loading class sun/security/ssl/Alert$Level done
Event: 7.160 Loading class java/util/LinkedList$LLSpliterator
Event: 7.161 Loading class java/util/LinkedList$LLSpliterator done

Classes unloaded (0 events):
No events

Classes redefined (0 events):
No events

Internal exceptions (20 events):
Event: 4.580 Thread 0x000001da6904d5f0 Exception <a 'java/lang/NoSuchMethodError'{0x0000000083c20c50}: 'java.lang.Object java.lang.invoke.DirectMethodHandle$Holder.invokeVirtual(java.lang.Object, java.lang.Object, java.lang.Object, java.lang.Object, java.lang.Object, java.lang.Object, java.lang.Object, java.lang.Object, java.lang.Object, java.lang.Object, java.lang.Object, java.lang.Object, java.lang.Object, java.lang.Object, java.lang.Object, java.lang.Object, java.lang.Object)'> (0x0000000083c20c50) 
thrown [s\src\hotspot\share\interpreter\li
Event: 4.580 Thread 0x000001da6904d5f0 Exception <a 'java/lang/NoSuchMethodError'{0x0000000083c26bd0}: 'java.lang.Object java.lang.invoke.DirectMethodHandle$Holder.invokeSpecial(java.lang.Object, java.lang.Object, java.lang.Object, java.lang.Object, java.lang.Object, java.lang.Object, java.lang.Object, java.lang.Object, java.lang.Object, java.lang.Object, java.lang.Object, java.lang.Object, java.lang.Object, java.lang.Object, java.lang.Object, java.lang.Object, java.lang.Object, java.lang.Object)'> (0x0000000083c26bd0) 
thrown [s\src\hotspot\sh
Event: 4.580 Thread 0x000001da6904d5f0 Exception <a 'java/lang/NoSuchMethodError'{0x0000000083c2c0e0}: 'java.lang.Object java.lang.invoke.DelegatingMethodHandle$Holder.reinvoke_L(java.lang.Object, java.lang.Object, java.lang.Object, java.lang.Object, java.lang.Object, java.lang.Object, java.lang.Object, java.lang.Object, java.lang.Object, java.lang.Object, java.lang.Object, java.lang.Object, java.lang.Object, java.lang.Object, java.lang.Object, java.lang.Object, java.lang.Object)'> (0x0000000083c2c0e0) 
thrown [s\src\hotspot\share\interpreter\l
Event: 4.585 Thread 0x000001da6904d5f0 Exception <a 'java/lang/NoSuchMethodError'{0x0000000083ce0ed0}: 'void java.lang.invoke.DirectMethodHandle$Holder.invokeStatic(java.lang.Object, java.lang.Object, java.lang.Object, java.lang.Object, java.lang.Object, java.lang.Object)'> (0x0000000083ce0ed0) 
thrown [s\src\hotspot\share\interpreter\linkResolver.cpp, line 784]
Event: 4.659 Thread 0x000001da6904d5f0 Exception <a 'java/lang/NoSuchMethodError'{0x000000008370ad98}: static Lorg/gradle/api/internal/catalog/DefaultVersionCatalog;.<clinit>()V> (0x000000008370ad98) 
thrown [s\src\hotspot\share\prims\jni.cpp, line 1126]
Event: 4.662 Thread 0x000001da6904d5f0 Exception <a 'java/lang/NoSuchMethodError'{0x000000008375ba50}: static [Ljava/lang/Object;.<clinit>()V> (0x000000008375ba50) 
thrown [s\src\hotspot\share\prims\jni.cpp, line 1126]
Event: 4.663 Thread 0x000001da6904d5f0 Exception <a 'java/lang/NoSuchMethodError'{0x0000000083783140}: static Lorg/gradle/api/internal/catalog/DependencyModel;.<clinit>()V> (0x0000000083783140) 
thrown [s\src\hotspot\share\prims\jni.cpp, line 1126]
Event: 4.663 Thread 0x000001da6904d5f0 Exception <a 'java/lang/NoSuchMethodError'{0x0000000083786f30}: static Lorg/gradle/api/internal/catalog/AbstractContextAwareModel;.<clinit>()V> (0x0000000083786f30) 
thrown [s\src\hotspot\share\prims\jni.cpp, line 1126]
Event: 4.664 Thread 0x000001da6904d5f0 Exception <a 'java/lang/NoSuchMethodError'{0x00000000837a0868}: static Lorg/gradle/api/internal/artifacts/dependencies/AbstractVersionConstraint;.<clinit>()V> (0x00000000837a0868) 
thrown [s\src\hotspot\share\prims\jni.cpp, line 1126]
Event: 4.667 Thread 0x000001da6904d5f0 Exception <a 'java/lang/NoSuchMethodError'{0x0000000083600a08}: static Lorg/gradle/api/internal/catalog/PluginModel;.<clinit>()V> (0x0000000083600a08) 
thrown [s\src\hotspot\share\prims\jni.cpp, line 1126]
Event: 4.667 Thread 0x000001da6904d5f0 Exception <a 'java/lang/NoSuchMethodError'{0x0000000083617d48}: static Lorg/gradle/api/internal/catalog/VersionModel;.<clinit>()V> (0x0000000083617d48) 
thrown [s\src\hotspot\share\prims\jni.cpp, line 1126]
Event: 4.669 Thread 0x000001da6904d5f0 Exception <a 'java/lang/NoSuchMethodError'{0x000000008363a1d8}: 'void java.lang.invoke.DirectMethodHandle$Holder.invokeSpecial(java.lang.Object, java.lang.Object, java.lang.Object, int)'> (0x000000008363a1d8) 
thrown [s\src\hotspot\share\interpreter\linkResolver.cpp, line 784]
Event: 4.717 Thread 0x000001da6904d5f0 Exception <a 'java/lang/NoSuchMethodError'{0x00000000832493d0}: 'int java.lang.invoke.DirectMethodHandle$Holder.invokeSpecialIFC(java.lang.Object, java.lang.Object, java.lang.Object)'> (0x00000000832493d0) 
thrown [s\src\hotspot\share\interpreter\linkResolver.cpp, line 784]
Event: 4.755 Thread 0x000001da6904d5f0 Exception <a 'java/lang/NoSuchMethodError'{0x0000000082fda390}: 'java.lang.Object java.lang.invoke.DirectMethodHandle$Holder.invokeSpecial(java.lang.Object, java.lang.Object, java.lang.Object, java.lang.Object, java.lang.Object, long)'> (0x0000000082fda390) 
thrown [s\src\hotspot\share\interpreter\linkResolver.cpp, line 784]
Event: 4.756 Thread 0x000001da6904d5f0 Exception <a 'java/lang/NoSuchMethodError'{0x0000000082ff9b90}: 'void java.lang.invoke.DirectMethodHandle$Holder.invokeStatic(java.lang.Object, java.lang.Object, java.lang.Object, int, java.lang.Object)'> (0x0000000082ff9b90) 
thrown [s\src\hotspot\share\interpreter\linkResolver.cpp, line 784]
Event: 4.796 Thread 0x000001da6904d5f0 Exception <a 'sun/nio/fs/WindowsException'{0x000000008b9cb9c8}> (0x000000008b9cb9c8) 
thrown [s\src\hotspot\share\prims\jni.cpp, line 535]
Event: 4.830 Thread 0x000001da6904d5f0 Exception <a 'java/lang/NoSuchMethodError'{0x000000008b6bc718}: 'void java.lang.invoke.DirectMethodHandle$Holder.invokeVirtual(java.lang.Object, java.lang.Object)'> (0x000000008b6bc718) 
thrown [s\src\hotspot\share\interpreter\linkResolver.cpp, line 784]
Event: 7.139 Thread 0x000001da62508db0 Implicit null exception at 0x000001da550e5407 to 0x000001da550e54cc
Event: 7.218 Thread 0x000001da6904d5f0 Exception <a 'java/lang/NoSuchMethodError'{0x000000008b1e1bd8}: 'java.lang.Object java.lang.invoke.DirectMethodHandle$Holder.newInvokeSpecial(java.lang.Object, java.lang.Object, java.lang.Object, java.lang.Object, int, java.lang.Object)'> (0x000000008b1e1bd8) 
thrown [s\src\hotspot\share\interpreter\linkResolver.cpp, line 784]
Event: 7.218 Thread 0x000001da6904d5f0 Exception <a 'java/lang/NoSuchMethodError'{0x000000008b1ea3a8}: 'java.lang.Object java.lang.invoke.Invokers$Holder.linkToTargetMethod(java.lang.Object, java.lang.Object, java.lang.Object, int, java.lang.Object, java.lang.Object)'> (0x000000008b1ea3a8) 
thrown [s\src\hotspot\share\interpreter\linkResolver.cpp, line 784]

ZGC Phase Switch (0 events):
No events

VM Operations (20 events):
Event: 4.827 Executing VM operation: HandshakeAllThreads (Deoptimize)
Event: 4.827 Executing VM operation: HandshakeAllThreads (Deoptimize) done
Event: 4.835 Executing VM operation: HandshakeAllThreads (Deoptimize)
Event: 4.835 Executing VM operation: HandshakeAllThreads (Deoptimize) done
Event: 4.939 Executing VM operation: HandshakeAllThreads (Deoptimize)
Event: 4.939 Executing VM operation: HandshakeAllThreads (Deoptimize) done
Event: 5.087 Executing VM operation: HandshakeAllThreads (Deoptimize)
Event: 5.087 Executing VM operation: HandshakeAllThreads (Deoptimize) done
Event: 5.691 Executing VM operation: HandshakeAllThreads (Deoptimize)
Event: 5.691 Executing VM operation: HandshakeAllThreads (Deoptimize) done
Event: 6.276 Executing VM operation: ICBufferFull
Event: 6.276 Executing VM operation: ICBufferFull done
Event: 6.921 Executing VM operation: ICBufferFull
Event: 6.921 Executing VM operation: ICBufferFull done
Event: 7.116 Executing VM operation: HandshakeAllThreads (Deoptimize)
Event: 7.117 Executing VM operation: HandshakeAllThreads (Deoptimize) done
Event: 7.133 Executing VM operation: G1CollectForAllocation (G1 Evacuation Pause)
Event: 7.137 Executing VM operation: G1CollectForAllocation (G1 Evacuation Pause) done
Event: 7.220 Executing VM operation: ICBufferFull
Event: 7.220 Executing VM operation: ICBufferFull done

Events (20 events):
Event: 5.437 Thread 0x000001da6b363fd0 Thread exited: 0x000001da6b363fd0
Event: 5.437 Thread 0x000001da671fafd0 Thread exited: 0x000001da671fafd0
Event: 5.613 Thread 0x000001da6714bad0 Thread exited: 0x000001da6714bad0
Event: 5.906 Thread 0x000001da6714bad0 Thread added: 0x000001da6714bad0
Event: 6.553 Thread 0x000001da6714bad0 Thread exited: 0x000001da6714bad0
Event: 7.174 Thread 0x000001da6ba4a2a0 Thread added: 0x000001da6ba4a2a0
Event: 7.174 Thread 0x000001da6ba49580 Thread added: 0x000001da6ba49580
Event: 7.174 Thread 0x000001da6ba4b650 Thread added: 0x000001da6ba4b650
Event: 7.174 Thread 0x000001da6ba4ddb0 Thread added: 0x000001da6ba4ddb0
Event: 7.174 Thread 0x000001da6ba46e20 Thread added: 0x000001da6ba46e20
Event: 7.174 Thread 0x000001da6ba4e440 Thread added: 0x000001da6ba4e440
Event: 7.174 Thread 0x000001da6ba474b0 Thread added: 0x000001da6ba474b0
Event: 7.174 Thread 0x000001da6ba47b40 Thread added: 0x000001da6ba47b40
Event: 7.174 Thread 0x000001da6cf1ea70 Thread added: 0x000001da6cf1ea70
Event: 7.174 Thread 0x000001da6cf21ef0 Thread added: 0x000001da6cf21ef0
Event: 7.174 Thread 0x000001da6cf1c310 Thread added: 0x000001da6cf1c310
Event: 7.175 Thread 0x000001da6cf1f100 Thread added: 0x000001da6cf1f100
Event: 7.175 Thread 0x000001da6cf1e3e0 Thread added: 0x000001da6cf1e3e0
Event: 7.175 Thread 0x000001da6cf1c9a0 Thread added: 0x000001da6cf1c9a0
Event: 7.175 Thread 0x000001da6cf232a0 Thread added: 0x000001da6cf232a0


Dynamic libraries:
0x00007ff6f9ff0000 - 0x00007ff6f9ffa000 	D:\Program Files\Android\Android Studio\jbr\bin\java.exe
0x00007ffbffe10000 - 0x00007ffc00008000 	C:\Windows\SYSTEM32\ntdll.dll
0x00007ffbff970000 - 0x00007ffbffa32000 	C:\Windows\System32\KERNEL32.DLL
0x00007ffbfd7d0000 - 0x00007ffbfdacf000 	C:\Windows\System32\KERNELBASE.dll
0x00007ffbfdad0000 - 0x00007ffbfdbd0000 	C:\Windows\System32\ucrtbase.dll
0x00007ffbf6210000 - 0x00007ffbf6228000 	D:\Program Files\Android\Android Studio\jbr\bin\jli.dll
0x00007ffbf63e0000 - 0x00007ffbf63fb000 	D:\Program Files\Android\Android Studio\jbr\bin\VCRUNTIME140.dll
0x00007ffbfe140000 - 0x00007ffbfe2dd000 	C:\Windows\System32\USER32.dll
0x00007ffbe42d0000 - 0x00007ffbe456a000 	C:\Windows\WinSxS\amd64_microsoft.windows.common-controls_6595b64144ccf1df_6.0.19041.4355_none_60b8b9eb71f62e16\COMCTL32.dll
0x00007ffbfd730000 - 0x00007ffbfd752000 	C:\Windows\System32\win32u.dll
0x00007ffbfe960000 - 0x00007ffbfe9fe000 	C:\Windows\System32\msvcrt.dll
0x00007ffbffc80000 - 0x00007ffbffcab000 	C:\Windows\System32\GDI32.dll
0x00007ffbfd610000 - 0x00007ffbfd72a000 	C:\Windows\System32\gdi32full.dll
0x00007ffbfdc20000 - 0x00007ffbfdcbd000 	C:\Windows\System32\msvcp_win.dll
0x00007ffbfe070000 - 0x00007ffbfe09f000 	C:\Windows\System32\IMM32.DLL
0x00007ffbf6dd0000 - 0x00007ffbf6ddc000 	D:\Program Files\Android\Android Studio\jbr\bin\vcruntime140_1.dll
0x00007ffb68560000 - 0x00007ffb685ed000 	D:\Program Files\Android\Android Studio\jbr\bin\msvcp140.dll
0x00007ffaf7250000 - 0x00007ffaf7ecd000 	D:\Program Files\Android\Android Studio\jbr\bin\server\jvm.dll
0x00007ffbff030000 - 0x00007ffbff0df000 	C:\Windows\System32\ADVAPI32.dll
0x00007ffbff0e0000 - 0x00007ffbff17f000 	C:\Windows\System32\sechost.dll
0x00007ffbfe760000 - 0x00007ffbfe883000 	C:\Windows\System32\RPCRT4.dll
0x00007ffbfdcc0000 - 0x00007ffbfdce7000 	C:\Windows\System32\bcrypt.dll
0x00007ffbfefc0000 - 0x00007ffbff02b000 	C:\Windows\System32\WS2_32.dll
0x00007ffbfca40000 - 0x00007ffbfca8b000 	C:\Windows\SYSTEM32\POWRPROF.dll
0x00007ffbef070000 - 0x00007ffbef097000 	C:\Windows\SYSTEM32\WINMM.dll
0x00007ffbf2650000 - 0x00007ffbf265a000 	C:\Windows\SYSTEM32\VERSION.dll
0x00007ffbfc8b0000 - 0x00007ffbfc8c2000 	C:\Windows\SYSTEM32\UMPDC.dll
0x00007ffbfbcd0000 - 0x00007ffbfbce2000 	C:\Windows\SYSTEM32\kernel.appcore.dll
0x00007ffbf63b0000 - 0x00007ffbf63ba000 	D:\Program Files\Android\Android Studio\jbr\bin\jimage.dll
0x00007ffbfb0d0000 - 0x00007ffbfb2b4000 	C:\Windows\SYSTEM32\DBGHELP.DLL
0x00007ffbe0bc0000 - 0x00007ffbe0bf4000 	C:\Windows\SYSTEM32\dbgcore.DLL
0x00007ffbfdda0000 - 0x00007ffbfde22000 	C:\Windows\System32\bcryptPrimitives.dll
0x00007ffbf63a0000 - 0x00007ffbf63ae000 	D:\Program Files\Android\Android Studio\jbr\bin\instrument.dll
0x00007ffbedd50000 - 0x00007ffbedd6f000 	D:\Program Files\Android\Android Studio\jbr\bin\java.dll
0x00007ffbecda0000 - 0x00007ffbecdb8000 	D:\Program Files\Android\Android Studio\jbr\bin\zip.dll
0x00007ffbff180000 - 0x00007ffbff8ed000 	C:\Windows\System32\SHELL32.dll
0x00007ffbfb510000 - 0x00007ffbfbcb4000 	C:\Windows\SYSTEM32\windows.storage.dll
0x00007ffbfeab0000 - 0x00007ffbfee05000 	C:\Windows\System32\combase.dll
0x00007ffbfcee0000 - 0x00007ffbfcf0b000 	C:\Windows\SYSTEM32\Wldp.dll
0x00007ffbfe890000 - 0x00007ffbfe95d000 	C:\Windows\System32\OLEAUT32.dll
0x00007ffbfde90000 - 0x00007ffbfdf3d000 	C:\Windows\System32\SHCORE.dll
0x00007ffbffd70000 - 0x00007ffbffdc5000 	C:\Windows\System32\shlwapi.dll
0x00007ffbfd3e0000 - 0x00007ffbfd405000 	C:\Windows\SYSTEM32\profapi.dll
0x00007ffbf37a0000 - 0x00007ffbf37b0000 	D:\Program Files\Android\Android Studio\jbr\bin\net.dll
0x00007ffbf1600000 - 0x00007ffbf170a000 	C:\Windows\SYSTEM32\WINHTTP.dll
0x00007ffbfcc40000 - 0x00007ffbfccac000 	C:\Windows\system32\mswsock.dll
0x00007ffbeca60000 - 0x00007ffbeca76000 	D:\Program Files\Android\Android Studio\jbr\bin\nio.dll
0x00007ffbf36f0000 - 0x00007ffbf3700000 	D:\Program Files\Android\Android Studio\jbr\bin\verify.dll
0x00007ffbd1c30000 - 0x00007ffbd1c57000 	C:\Users\Admin\.gradle\native\c067742578af261105cb4f569cf0c3c89f3d7b1fecec35dd04571415982c5e48\windows-amd64\native-platform.dll
0x00007ffb58cd0000 - 0x00007ffb58e14000 	C:\Users\Admin\.gradle\native\100fb08df4bc3b14c8652ba06237920a3bd2aa13389f12d3474272988ae205f9\windows-amd64\native-platform-file-events.dll
0x00007ffbee140000 - 0x00007ffbee149000 	D:\Program Files\Android\Android Studio\jbr\bin\management.dll
0x00007ffbedec0000 - 0x00007ffbedecb000 	D:\Program Files\Android\Android Studio\jbr\bin\management_ext.dll
0x00007ffbfe0a0000 - 0x00007ffbfe0a8000 	C:\Windows\System32\PSAPI.DLL
0x00007ffbfce40000 - 0x00007ffbfce58000 	C:\Windows\SYSTEM32\CRYPTSP.dll
0x00007ffbfc4f0000 - 0x00007ffbfc528000 	C:\Windows\system32\rsaenh.dll
0x00007ffbfd3a0000 - 0x00007ffbfd3ce000 	C:\Windows\SYSTEM32\USERENV.dll
0x00007ffbfce30000 - 0x00007ffbfce3c000 	C:\Windows\SYSTEM32\CRYPTBASE.dll
0x00007ffbfc8d0000 - 0x00007ffbfc90b000 	C:\Windows\SYSTEM32\IPHLPAPI.DLL
0x00007ffbffb50000 - 0x00007ffbffb58000 	C:\Windows\System32\NSI.dll
0x00007ffbede00000 - 0x00007ffbede09000 	D:\Program Files\Android\Android Studio\jbr\bin\extnet.dll
0x00007ffba54d0000 - 0x00007ffba54d7000 	C:\Windows\system32\wshunix.dll
0x00007ffbfc910000 - 0x00007ffbfc9da000 	C:\Windows\SYSTEM32\DNSAPI.dll
0x00007ffbf3930000 - 0x00007ffbf393a000 	C:\Windows\System32\rasadhlp.dll
0x00007ffbee510000 - 0x00007ffbee590000 	C:\Windows\System32\fwpuclnt.dll

dbghelp: loaded successfully - version: 4.0.5 - missing functions: none
symbol engine: initialized successfully - sym options: 0x614 - pdb path: .;D:\Program Files\Android\Android Studio\jbr\bin;C:\Windows\SYSTEM32;C:\Windows\WinSxS\amd64_microsoft.windows.common-controls_6595b64144ccf1df_6.0.19041.4355_none_60b8b9eb71f62e16;D:\Program Files\Android\Android Studio\jbr\bin\server;C:\Users\Admin\.gradle\native\c067742578af261105cb4f569cf0c3c89f3d7b1fecec35dd04571415982c5e48\windows-amd64;C:\Users\Admin\.gradle\native\100fb08df4bc3b14c8652ba06237920a3bd2aa13389f12d3474272988ae205f9\windows-amd64

VM Arguments:
jvm_args: --add-opens=java.base/java.util=ALL-UNNAMED --add-opens=java.base/java.lang=ALL-UNNAMED --add-opens=java.base/java.lang.invoke=ALL-UNNAMED --add-opens=java.prefs/java.util.prefs=ALL-UNNAMED --add-exports=jdk.compiler/com.sun.tools.javac.api=ALL-UNNAMED --add-exports=jdk.compiler/com.sun.tools.javac.util=ALL-UNNAMED --add-opens=java.base/java.nio.charset=ALL-UNNAMED --add-opens=java.base/java.net=ALL-UNNAMED --add-opens=java.base/java.util.concurrent.atomic=ALL-UNNAMED -Xmx2048m -Dfile.encoding=UTF-8 -Duser.country=US -Duser.language=en -Duser.variant -javaagent:C:\Users\Admin\.gradle\wrapper\dists\gradle-8.9-bin\90cnw93cvbtalezasaz0blq0a\gradle-8.9\lib\agents\gradle-instrumentation-agent-8.9.jar 
java_command: org.gradle.launcher.daemon.bootstrap.GradleDaemon 8.9
java_class_path (initial): C:\Users\Admin\.gradle\wrapper\dists\gradle-8.9-bin\90cnw93cvbtalezasaz0blq0a\gradle-8.9\lib\gradle-daemon-main-8.9.jar
Launcher Type: SUN_STANDARD

[Global flags]
     intx CICompilerCount                          = 12                                        {product} {ergonomic}
     uint ConcGCThreads                            = 3                                         {product} {ergonomic}
     uint G1ConcRefinementThreads                  = 13                                        {product} {ergonomic}
   size_t G1HeapRegionSize                         = 1048576                                   {product} {ergonomic}
    uintx GCDrainStackTargetSize                   = 64                                        {product} {ergonomic}
   size_t InitialHeapSize                          = 264241152                                 {product} {ergonomic}
   size_t MarkStackSize                            = 4194304                                   {product} {ergonomic}
   size_t MaxHeapSize                              = 2147483648                                {product} {command line}
   size_t MaxNewSize                               = 1287651328                                {product} {ergonomic}
   size_t MinHeapDeltaBytes                        = 1048576                                   {product} {ergonomic}
   size_t MinHeapSize                              = 8388608                                   {product} {ergonomic}
    uintx NonNMethodCodeHeapSize                   = 7602480                                {pd product} {ergonomic}
    uintx NonProfiledCodeHeapSize                  = 122027880                              {pd product} {ergonomic}
    uintx ProfiledCodeHeapSize                     = 122027880                              {pd product} {ergonomic}
    uintx ReservedCodeCacheSize                    = 251658240                              {pd product} {ergonomic}
     bool SegmentedCodeCache                       = true                                      {product} {ergonomic}
   size_t SoftMaxHeapSize                          = 2147483648                             {manageable} {ergonomic}
     bool UseCompressedOops                        = true                           {product lp64_product} {ergonomic}
     bool UseG1GC                                  = true                                      {product} {ergonomic}
     bool UseLargePagesIndividualAllocation        = false                                  {pd product} {ergonomic}

Logging:
Log output configuration:
 #0: stdout all=warning uptime,level,tags foldmultilines=false
 #1: stderr all=off uptime,level,tags foldmultilines=false

Environment Variables:
PATH=C:\Program Files\Common Files\Oracle\Java\javapath;C:\Python312\Scripts\;C:\Python312\;C:\ProgramData\Oracle\Java\javapath;C:\Windows\system32;C:\Windows;C:\Windows\System32\Wbem;C:\Windows\System32\WindowsPowerShell\v1.0\;C:\Windows\System32\OpenSSH\;C:\Program Files\dotnet\;C:\msys64\mingw64\bin;C:\Program Files\Git\cmd;C:\ProgramData\chocolatey\bin;D:\Node.js\;C:\Program Files (x86)\NVIDIA Corporation\PhysX\Common;C:\Program Files\Java\jdk-23\bin;;C:\Program Files\NVIDIA Corporation\NVIDIA app\NvDLISR;C:\Program Files\Cloudflare\Cloudflare WARP\;C:\Users\Admin\AppData\Local\Programs\Python\Python311\Scripts\;C:\Users\Admin\AppData\Local\Programs\Python\Python311\;C:\msys64\home\Admin\.splashkit;C:\msys64\home\Admin\.splashkit\lib\win64;C:\msys64\home\Admin\.splashkit\lib;C:\Windows\System32;C:\Windows;C:\Windows\System32\Wbem;C:\Windows\System32\WindowsPowerShell\v1.0\;C:\Users\Admin\AppData\Local\Programs\Microsoft VS Code\bin;C:\Users\Admin\.dotnet\tools;D:\PhpStorm 2023.3.2\bin;;C:\Users\Admin\AppData\Roaming\npm
USERNAME=Admin
OS=Windows_NT
PROCESSOR_IDENTIFIER=Intel64 Family 6 Model 141 Stepping 1, GenuineIntel
TMP=C:\Users\Admin\AppData\Local\Temp
TEMP=C:\Users\Admin\AppData\Local\Temp




Periodic native trim disabled

JNI global refs:
JNI global refs: 35, weak refs: 7

JNI global refs memory usage: 835, weak refs: 833

Process memory usage:
Resident Set Size: 324588K (1% of 16471548K total physical memory with 16832K free physical memory)

OOME stack traces (most recent first):
Classloader memory used:
Loader org.gradle.internal.classloader.VisitableURLClassLoader                         : 32625K
Loader bootstrap                                                                       : 27743K
Loader org.gradle.initialization.MixInLegacyTypesClassLoader                           : 10783K
Loader jdk.internal.loader.ClassLoaders$PlatformClassLoader                            : 793K
Loader jdk.internal.loader.ClassLoaders$AppClassLoader                                 : 230K
Loader org.gradle.internal.classloader.VisitableURLClassLoader                         : 160K
Loader jdk.internal.reflect.DelegatingClassLoader                                      : 75512B

Classes loaded by more than one classloader:
Class Program                                                                         : loaded 3 times (x 69B)
Class org.gradle.internal.classloader.ClassLoaderHierarchy                            : loaded 2 times (x 67B)
Class org.gradle.api.internal.classpath.ManifestUtil                                  : loaded 2 times (x 68B)
Class org.gradle.internal.classloader.DefaultClassLoaderFactory                       : loaded 2 times (x 79B)
Class org.gradle.internal.classloader.ClassLoaderVisitor                              : loaded 2 times (x 73B)
Class org.gradle.api.internal.classpath.EffectiveClassPath                            : loaded 2 times (x 87B)
Class org.gradle.api.internal.DefaultClassPathProvider                                : loaded 2 times (x 73B)
Class [Lorg.gradle.api.internal.ClassPathProvider;                                    : loaded 2 times (x 66B)
Class org.gradle.api.internal.ClassPathProvider                                       : loaded 2 times (x 67B)
Class org.gradle.internal.service.UnknownServiceException                             : loaded 2 times (x 80B)
Class org.gradle.internal.classpath.TransformedClassPath                              : loaded 2 times (x 93B)
Class org.gradle.internal.service.ServiceLocator                                      : loaded 2 times (x 67B)
Class org.gradle.internal.InternalTransformer                                         : loaded 2 times (x 67B)
Class org.gradle.internal.classloader.ClasspathUtil$1                                 : loaded 2 times (x 73B)
Class org.gradle.api.internal.classpath.DefaultModuleRegistry$DefaultModule           : loaded 2 times (x 83B)
Class org.gradle.api.internal.classpath.Module                                        : loaded 2 times (x 67B)
Class org.gradle.api.internal.classpath.UnknownModuleException                        : loaded 2 times (x 79B)
Class org.gradle.api.internal.DefaultClassPathRegistry                                : loaded 2 times (x 73B)
Class org.gradle.api.internal.ClassPathRegistry                                       : loaded 2 times (x 67B)
Class org.gradle.internal.classpath.DefaultClassPath$ImmutableUniqueList              : loaded 2 times (x 196B)
Class org.gradle.internal.classloader.FilteringClassLoader                            : loaded 2 times (x 102B)
Class Settings_gradle$1                                                               : loaded 2 times (x 71B)
Class org.gradle.internal.classpath.ClassPath                                         : loaded 2 times (x 67B)
Class org.gradle.api.UncheckedIOException                                             : loaded 2 times (x 79B)
Class org.gradle.internal.installation.GradleInstallation$1                           : loaded 2 times (x 72B)
Class org.gradle.api.internal.classpath.ModuleRegistry                                : loaded 2 times (x 67B)
Class org.gradle.api.internal.classpath.DefaultModuleRegistry                         : loaded 2 times (x 80B)
Class org.gradle.internal.service.ServiceLookupException                              : loaded 2 times (x 79B)
Class org.gradle.internal.classloader.ClassLoaderFactory                              : loaded 2 times (x 67B)
Class org.gradle.internal.service.CachingServiceLocator                               : loaded 2 times (x 79B)
Class org.gradle.internal.classloader.ClasspathUtil                                   : loaded 2 times (x 68B)
Class org.gradle.api.specs.Spec                                                       : loaded 2 times (x 67B)
Class org.gradle.internal.classloader.VisitableURLClassLoader$InstrumentingVisitableURLClassLoader: loaded 2 times (x 120B)
Class org.gradle.internal.classloader.VisitableURLClassLoader$Spec                    : loaded 2 times (x 71B)
Class org.gradle.internal.classpath.DefaultClassPath                                  : loaded 2 times (x 87B)
Class org.gradle.internal.classloader.ClassLoaderSpec                                 : loaded 2 times (x 68B)
Class Settings_gradle$1$1                                                             : loaded 2 times (x 71B)
Class org.gradle.internal.classloader.VisitableURLClassLoader                         : loaded 2 times (x 114B)
Class Settings_gradle                                                                 : loaded 2 times (x 125B)
Class org.gradle.internal.Cast                                                        : loaded 2 times (x 68B)
Class org.gradle.api.Action                                                           : loaded 2 times (x 67B)
Class org.gradle.internal.agents.InstrumentingClassLoader                             : loaded 2 times (x 67B)
Class org.gradle.internal.classpath.DefaultClassPath$ImmutableUniqueList$Builder      : loaded 2 times (x 72B)
Class org.gradle.api.GradleException                                                  : loaded 2 times (x 79B)
Class org.gradle.internal.IoActions                                                   : loaded 2 times (x 68B)
Class org.gradle.internal.classloader.SystemClassLoaderSpec                           : loaded 2 times (x 68B)
Class org.gradle.internal.installation.CurrentGradleInstallationLocator               : loaded 2 times (x 68B)
Class org.gradle.internal.service.DefaultServiceLocator                               : loaded 2 times (x 80B)
Class org.gradle.internal.installation.CurrentGradleInstallation                      : loaded 2 times (x 70B)
Class org.gradle.util.internal.GUtil                                                  : loaded 2 times (x 68B)
Class org.gradle.internal.installation.GradleInstallation                             : loaded 2 times (x 72B)

---------------  S Y S T E M  ---------------

OS:
 Windows 10 , 64 bit Build 19041 (10.0.19041.5438)
OS uptime: 0 days 0:33 hours

CPU: total 16 (initial active 16) (8 cores per cpu, 2 threads per core) family 6 model 141 stepping 1 microcode 0x32, cx8, cmov, fxsr, ht, mmx, 3dnowpref, sse, sse2, sse3, ssse3, sse4.1, sse4.2, popcnt, lzcnt, tsc, tscinvbit, avx, avx2, aes, erms, clmul, bmi1, bmi2, adx, avx512f, avx512dq, avx512cd, avx512bw, avx512vl, sha, fma, vzeroupper, avx512_vpopcntdq, avx512_vpclmulqdq, avx512_vaes, avx512_vnni, clflush, clflushopt, clwb, avx512_vbmi2, avx512_vbmi, rdtscp, rdpid, fsrm, gfni, avx512_bitalg, f16c, pku, cet_ibt, cet_ss, avx512_ifma
Processor Information for all 16 processors :
  Max Mhz: 2304, Current Mhz: 2304, Mhz Limit: 2304

Memory: 4k page, system-wide physical 16085M (66M free)
TotalPageFile size 22156M (AvailPageFile size 1M)
current process WorkingSet (physical memory assigned to process): 317M, peak: 335M
current process commit charge ("private bytes"): 366M, peak: 396M

vm_info: OpenJDK 64-Bit Server VM (21.0.3+-12282718-b509.11) for windows-amd64 JRE (21.0.3+-12282718-b509.11), built on 2024-08-27T17:34:15Z by "builder" with MS VC++ 16.10 / 16.11 (VS2019)

END.
